  meshes.cpp
C:\Users\todie\source\repos\CS330_Project_VSnow\meshes.cpp(613,2): warning C4305: 'initializing': truncation from 'double' to 'GLfloat'
C:\Users\todie\source\repos\CS330_Project_VSnow\meshes.cpp(912,2): warning C4305: 'initializing': truncation from 'double' to 'GLfloat'
C:\Users\todie\source\repos\CS330_Project_VSnow\meshes.cpp(1185,2): warning C4305: 'initializing': truncation from 'double' to 'GLfloat'
C:\Users\todie\source\repos\CS330_Project_VSnow\meshes.cpp(1283,23): warning C4244: 'initializing': conversion from 'double' to 'float', possible loss of data
C:\Users\todie\source\repos\CS330_Project_VSnow\meshes.cpp(1284,21): warning C4244: 'initializing': conversion from 'double' to 'float', possible loss of data
C:\Users\todie\source\repos\CS330_Project_VSnow\meshes.cpp(1430,20): warning C4018: '<': signed/unsigned mismatch
C:\Users\todie\source\repos\CS330_Project_VSnow\meshes.cpp(1751,2): warning C4305: 'initializing': truncation from 'double' to 'GLfloat'
C:\Users\todie\source\repos\CS330_Project_VSnow\meshes.cpp(2288,46): warning C4244: '=': conversion from 'double' to 'float', possible loss of data
C:\Users\todie\source\repos\CS330_Project_VSnow\meshes.cpp(2289,22): warning C4244: '=': conversion from 'double' to 'float', possible loss of data
  Source.cpp
C:\Users\todie\source\repos\CS330_Project_VSnow\Source.cpp(322,28): warning C4244: 'initializing': conversion from 'double' to 'float', possible loss of data
C:\Users\todie\source\repos\CS330_Project_VSnow\Source.cpp(464,18): warning C4244: '=': conversion from 'double' to 'float', possible loss of data
C:\Users\todie\source\repos\CS330_Project_VSnow\Source.cpp(465,18): warning C4244: '=': conversion from 'double' to 'float', possible loss of data
C:\Users\todie\source\repos\CS330_Project_VSnow\Source.cpp(469,19): warning C4244: 'initializing': conversion from 'double' to 'float', possible loss of data
C:\Users\todie\source\repos\CS330_Project_VSnow\Source.cpp(470,19): warning C4244: 'initializing': conversion from 'double' to 'float', possible loss of data
C:\Users\todie\source\repos\CS330_Project_VSnow\Source.cpp(472,14): warning C4244: '=': conversion from 'double' to 'float', possible loss of data
C:\Users\todie\source\repos\CS330_Project_VSnow\Source.cpp(473,14): warning C4244: '=': conversion from 'double' to 'float', possible loss of data
C:\Users\todie\source\repos\CS330_Project_VSnow\Source.cpp(483,32): warning C4244: 'argument': conversion from 'double' to 'float', possible loss of data
  Generating code
  Previous IPDB not found, fall back to full compilation.
  All 480 functions were compiled because no usable IPDB/IOBJ from previous compilation was found.
  Finished generating code
  CS330_Project_VSnow.vcxproj -> C:\Users\todie\source\repos\CS330_Project_VSnow\Release\CS330_Project_VSnow.exe
  C:\Users\todie\source\repos\CS330_Project_VSnow\bin\glew-2.2.0\Release\Win32\glew32.dll
  1 File(s) copied
